0 info it worked if it ends with ok
1 verbose cli [ '/usr/local/bin/node', '/usr/local/bin/npm', 'run', 'start' ]
2 info using npm@3.10.9
3 info using node@v7.2.0
4 verbose run-script [ 'prestart', 'start', 'poststart' ]
5 info lifecycle sf-cooking-js@1.0.0~prestart: sf-cooking-js@1.0.0
6 silly lifecycle sf-cooking-js@1.0.0~prestart: no script for prestart, continuing
7 info lifecycle sf-cooking-js@1.0.0~start: sf-cooking-js@1.0.0
8 verbose lifecycle sf-cooking-js@1.0.0~start: unsafe-perm in lifecycle true
9 verbose lifecycle sf-cooking-js@1.0.0~start: PATH: /usr/local/lib/node_modules/npm/bin/node-gyp-bin:/Users/clement/Documents/SITES/sf-cooking-jp/node_modules/.bin:/Users/clement/.rvm/gems/ruby-2.2.3/bin:/Users/clement/.rvm/gems/ruby-2.2.3@global/bin:/Users/clement/.rvm/rubies/ruby-2.2.3/bin:/usr/local/bin:/usr/bin:/bin:/usr/sbin:/sbin:/Users/clement/.rvm/bin
10 verbose lifecycle sf-cooking-js@1.0.0~start: CWD: /Users/clement/Documents/SITES/sf-cooking-jp
11 silly lifecycle sf-cooking-js@1.0.0~start: Args: [ '-c', 'gulp' ]
12 silly lifecycle sf-cooking-js@1.0.0~start: Returned: code: 1  signal: null
13 info lifecycle sf-cooking-js@1.0.0~start: Failed to exec start script
14 verbose stack Error: sf-cooking-js@1.0.0 start: `gulp`
14 verbose stack Exit status 1
14 verbose stack     at EventEmitter.<anonymous> (/usr/local/lib/node_modules/npm/lib/utils/lifecycle.js:255:16)
14 verbose stack     at emitTwo (events.js:106:13)
14 verbose stack     at EventEmitter.emit (events.js:191:7)
14 verbose stack     at ChildProcess.<anonymous> (/usr/local/lib/node_modules/npm/lib/utils/spawn.js:40:14)
14 verbose stack     at emitTwo (events.js:106:13)
14 verbose stack     at ChildProcess.emit (events.js:191:7)
14 verbose stack     at maybeClose (internal/child_process.js:885:16)
14 verbose stack     at Process.ChildProcess._handle.onexit (internal/child_process.js:226:5)
15 verbose pkgid sf-cooking-js@1.0.0
16 verbose cwd /Users/clement/Documents/SITES/sf-cooking-jp
17 error Darwin 16.4.0
18 error argv "/usr/local/bin/node" "/usr/local/bin/npm" "run" "start"
19 error node v7.2.0
20 error npm  v3.10.9
21 error code ELIFECYCLE
22 error sf-cooking-js@1.0.0 start: `gulp`
22 error Exit status 1
23 error Failed at the sf-cooking-js@1.0.0 start script 'gulp'.
23 error Make sure you have the latest version of node.js and npm installed.
23 error If you do, this is most likely a problem with the sf-cooking-js package,
23 error not with npm itself.
23 error Tell the author that this fails on your system:
23 error     gulp
23 error You can get information on how to open an issue for this project with:
23 error     npm bugs sf-cooking-js
23 error Or if that isn't available, you can get their info via:
23 error     npm owner ls sf-cooking-js
23 error There is likely additional logging output above.
24 verbose exit [ 1, true ]
